<?xml version="1.0" encoding="utf-8"?><testsuites name="pytest tests"><testsuite name="pytest" errors="0" failures="0" skipped="0" tests="23" time="10.132" timestamp="2026-03-29T15:16:10.428267+00:00" hostname="agent-env-4ed6e2a2-410a-40ae-85d0-18201e00be4a"><testcase classname="backend.tests.test_curtain_order_api.TestAuth" name="test_admin_login_success" time="0.483" /><testcase classname="backend.tests.test_curtain_order_api.TestAuth" name="test_dealer_login_success" time="0.393" /><testcase classname="backend.tests.test_curtain_order_api.TestAuth" name="test_login_wrong_password" time="0.372" /><testcase classname="backend.tests.test_curtain_order_api.TestAuth" name="test_login_nonexistent_user" time="0.132" /><testcase classname="backend.tests.test_curtain_order_api.TestAuth" name="test_get_me_with_admin_token" time="0.406" /><testcase classname="backend.tests.test_curtain_order_api.TestAuth" name="test_get_me_without_token" time="0.119" /><testcase classname="backend.tests.test_curtain_order_api.TestStatistics" name="test_get_statistics_as_admin" time="0.431" /><testcase classname="backend.tests.test_curtain_order_api.TestStatistics" name="test_get_statistics_as_dealer" time="0.381" /><testcase classname="backend.tests.test_curtain_order_api.TestMaterials" name="test_list_materials_as_dealer" time="0.409" /><testcase classname="backend.tests.test_curtain_order_api.TestMaterials" name="test_create_material_as_admin" time="0.406" /><testcase classname="backend.tests.test_curtain_order_api.TestMaterials" name="test_create_material_as_dealer" time="0.407" /><testcase classname="backend.tests.test_curtain_order_api.TestDealers" name="test_list_dealers_as_admin" time="0.373" /><testcase classname="backend.tests.test_curtain_order_api.TestDealers" name="test_create_dealer_as_admin" time="0.596" /><testcase classname="backend.tests.test_curtain_order_api.TestDealers" name="test_create_dealer_duplicate_email" time="0.371" /><testcase classname="backend.tests.test_curtain_order_api.TestDealers" name="test_list_dealers_as_dealer" time="0.434" /><testcase classname="backend.tests.test_curtain_order_api.TestOrders" name="test_create_order_as_dealer" time="0.465" /><testcase classname="backend.tests.test_curtain_order_api.TestOrders" name="test_list_orders_as_dealer" time="0.402" /><testcase classname="backend.tests.test_curtain_order_api.TestOrders" name="test_list_orders_as_admin" time="0.362" /><testcase classname="backend.tests.test_curtain_order_api.TestOrders" name="test_update_order_status_as_admin" time="0.782" /><testcase classname="backend.tests.test_curtain_order_api.TestChat" name="test_send_message_dealer_to_admin" time="0.721" /><testcase classname="backend.tests.test_curtain_order_api.TestChat" name="test_get_chat_partners_as_admin" time="0.370" /><testcase classname="backend.tests.test_curtain_order_api.TestChat" name="test_get_chat_partners_as_dealer" time="0.387" /><testcase classname="backend.tests.test_curtain_order_api.TestChat" name="test_get_messages_between_dealer_and_admin" time="0.703" /></testsuite></testsuites>