<?xml version="1.0" encoding="utf-8"?><testsuites name="pytest tests"><testsuite name="pytest" errors="0" failures="2" skipped="0" tests="27" time="11.716" timestamp="2026-03-30T08:59:24.467619+00:00" hostname="agent-env-4ed6e2a2-410a-40ae-85d0-18201e00be4a"><testcase classname="tests.test_curtain_order_api.TestAuth" name="test_admin_login_success" time="0.467" /><testcase classname="tests.test_curtain_order_api.TestAuth" name="test_dealer_login_success" time="0.385" /><testcase classname="tests.test_curtain_order_api.TestAuth" name="test_login_wrong_password" time="0.327" /><testcase classname="tests.test_curtain_order_api.TestAuth" name="test_login_nonexistent_user" time="0.125" /><testcase classname="tests.test_curtain_order_api.TestAuth" name="test_get_me_with_admin_token" time="0.383" /><testcase classname="tests.test_curtain_order_api.TestAuth" name="test_get_me_without_token" time="0.103" /><testcase classname="tests.test_curtain_order_api.TestStatistics" name="test_get_statistics_as_admin" time="0.425" /><testcase classname="tests.test_curtain_order_api.TestStatistics" name="test_get_statistics_as_dealer" time="0.411" /><testcase classname="tests.test_curtain_order_api.TestMaterials" name="test_list_materials_as_dealer" time="0.366" /><testcase classname="tests.test_curtain_order_api.TestMaterials" name="test_create_material_as_admin" time="0.440" /><testcase classname="tests.test_curtain_order_api.TestMaterials" name="test_create_material_as_dealer" time="0.406" /><testcase classname="tests.test_curtain_order_api.TestDealers" name="test_list_dealers_as_admin" time="0.368" /><testcase classname="tests.test_curtain_order_api.TestDealers" name="test_create_dealer_as_admin" time="0.600" /><testcase classname="tests.test_curtain_order_api.TestDealers" name="test_create_dealer_duplicate_email" time="0.378" /><testcase classname="tests.test_curtain_order_api.TestDealers" name="test_list_dealers_as_dealer" time="0.391" /><testcase classname="tests.test_curtain_order_api.TestOrders" name="test_create_order_as_dealer" time="0.462" /><testcase classname="tests.test_curtain_order_api.TestOrders" name="test_list_orders_as_dealer" time="0.396" /><testcase classname="tests.test_curtain_order_api.TestOrders" name="test_list_orders_as_admin" time="0.397" /><testcase classname="tests.test_curtain_order_api.TestOrders" name="test_update_order_status_as_admin" time="0.755" /><testcase classname="tests.test_curtain_order_api.TestChat" name="test_send_message_dealer_to_admin" time="0.705" /><testcase classname="tests.test_curtain_order_api.TestChat" name="test_get_chat_partners_as_admin" time="0.380" /><testcase classname="tests.test_curtain_order_api.TestChat" name="test_get_chat_partners_as_dealer" time="0.384" /><testcase classname="tests.test_curtain_order_api.TestChat" name="test_get_messages_between_dealer_and_admin" time="0.690" /><testcase classname="tests.test_usd_verification.TestUSDPrices" name="test_materials_have_usd_prices" time="0.377"><failure message="AssertionError: Expected 6 materials, got 7&#10;assert 7 == 6&#10; +  where 7 = len([{'category': 'Parda', 'created_at': '2026-03-30T08:44:10.788011+00:00', 'description': &quot;Yorug'lik o'tkazmaydigan parda&quot;, 'id': '69ca37da2d4df4c22ab1f6a0', ...}, {'category': 'Parda', 'created_at': '2026-03-30T08:44:10.788023+00:00', 'description': 'Shaffof tull parda', 'id': '69ca37da2d4df4c22ab1f6a1', ...}, {'category': 'Jalyuzi', 'created_at': '2026-03-30T08:44:10.788026+00:00', 'description': 'Zamonaviy roller jalyuzi', 'id': '69ca37da2d4df4c22ab1f6a2', ...}, {'category': 'Jalyuzi', 'created_at': '2026-03-30T08:44:10.788035+00:00', 'description': 'Alyuminiy gorizontal jalyuzi', 'id': '69ca37da2d4df4c22ab1f6a3', ...}, {'category': 'Jalyuzi', 'created_at': '2026-03-30T08:44:10.788038+00:00', 'description': 'Ofis uchun vertikal jalyuzi', 'id': '69ca37da2d4df4c22ab1f6a4', ...}, {'category': 'Parda', 'created_at': '2026-03-30T08:44:10.788039+00:00', 'description': 'Premium rimskaya parda', 'id': '69ca37da2d4df4c22ab1f6a5', ...}, ...])">tests/test_usd_verification.py:55: in test_materials_have_usd_prices
    assert len(materials) == 6, f"Expected 6 materials, got {len(materials)}"
E   AssertionError: Expected 6 materials, got 7
E   assert 7 == 6
E    +  where 7 = len([{'category': 'Parda', 'created_at': '2026-03-30T08:44:10.788011+00:00', 'description': "Yorug'lik o'tkazmaydigan parda", 'id': '69ca37da2d4df4c22ab1f6a0', ...}, {'category': 'Parda', 'created_at': '2026-03-30T08:44:10.788023+00:00', 'description': 'Shaffof tull parda', 'id': '69ca37da2d4df4c22ab1f6a1', ...}, {'category': 'Jalyuzi', 'created_at': '2026-03-30T08:44:10.788026+00:00', 'description': 'Zamonaviy roller jalyuzi', 'id': '69ca37da2d4df4c22ab1f6a2', ...}, {'category': 'Jalyuzi', 'created_at': '2026-03-30T08:44:10.788035+00:00', 'description': 'Alyuminiy gorizontal jalyuzi', 'id': '69ca37da2d4df4c22ab1f6a3', ...}, {'category': 'Jalyuzi', 'created_at': '2026-03-30T08:44:10.788038+00:00', 'description': 'Ofis uchun vertikal jalyuzi', 'id': '69ca37da2d4df4c22ab1f6a4', ...}, {'category': 'Parda', 'created_at': '2026-03-30T08:44:10.788039+00:00', 'description': 'Premium rimskaya parda', 'id': '69ca37da2d4df4c22ab1f6a5', ...}, ...])</failure></testcase><testcase classname="tests.test_usd_verification.TestUSDPrices" name="test_dealer_credit_limit_is_5000_usd" time="0.373"><failure message="AssertionError: Expected debt $0, got $112.0&#10;assert 112.0 == 0">tests/test_usd_verification.py:77: in test_dealer_credit_limit_is_5000_usd
    assert user["debt"] == 0, f"Expected debt $0, got ${user['debt']}"
E   AssertionError: Expected debt $0, got $112.0
E   assert 112.0 == 0</failure></testcase><testcase classname="tests.test_usd_verification.TestUSDPrices" name="test_statistics_revenue_in_usd" time="0.426" /><testcase classname="tests.test_usd_verification.TestUSDPrices" name="test_order_calculation_with_usd" time="0.440" /></testsuite></testsuites>